# JRE version: OpenJDK Runtime Environment Temurin-21.0.8+9 (21.0.8+9) (build 21.0.8+9-LTS)
# Java VM: OpenJDK 64-Bit Server VM Temurin-21.0.8+9 (21.0.8+9-LTS, mixed mode, sharing, tiered, compressed oops, compressed class ptrs, parallel gc, windows-amd64)
GC Precious Log:
 CardTable entry size: 512
 CPUs: 8 total, 8 available
 Memory: 7929M
 Large Page Support: Disabled
 NUMA Support: Disabled
 Compressed Oops: Enabled (32-bit)
 Alignments: Space 512K, Generation 512K, Heap 2M
 Heap Min Capacity: 100M
 Heap Initial Capacity: 100M
 Heap Max Capacity: 2G
 Pre-touch: Disabled
 Parallel Workers: 8
Heap:
 PSYoungGen      total 3584K, used 2967K [0x00000000d5580000, 0x00000000d5980000, 0x0000000100000000)
  eden space 3072K, 83% used [0x00000000d5580000,0x00000000d57fdc38,0x00000000d5880000)
  from space 512K, 81% used [0x00000000d5880000,0x00000000d58e8000,0x00000000d5900000)
  to   space 512K, 0% used [0x00000000d5900000,0x00000000d5900000,0x00000000d5980000)
 ParOldGen       total 403456K, used 403021K [0x0000000080000000, 0x0000000098a00000, 0x00000000d5580000)
  object space 403456K, 99% used [0x0000000080000000,0x00000000989934d0,0x0000000098a00000)
 Metaspace       used 53879K, committed 55168K, reserved 1114112K
  class space    used 5856K, committed 6400K, reserved 1048576K
GC Heap History (20 events):
Event: 89.747 GC heap before
{Heap before GC invocations=290 (full 2):
 PSYoungGen      total 1536K, used 907K [0x00000000d5580000, 0x00000000d5800000, 0x0000000100000000)
  eden space 512K, 96% used [0x00000000d5580000,0x00000000d55faf58,0x00000000d5600000)
  from space 1024K, 40% used [0x00000000d5600000,0x00000000d5668000,0x00000000d5700000)
  to   space 512K, 0% used [0x00000000d5780000,0x00000000d5780000,0x00000000d5800000)
 ParOldGen       total 394240K, used 393847K [0x0000000080000000, 0x0000000098100000, 0x00000000d5580000)
  object space 394240K, 99% used [0x0000000080000000,0x000000009809dfe8,0x0000000098100000)
 Metaspace       used 53843K, committed 55104K, reserved 1114112K
  class space    used 5853K, committed 6400K, reserved 1048576K
}
Event: 89.750 GC heap after
{Heap after GC invocations=290 (full 2):
 PSYoungGen      total 2048K, used 416K [0x00000000d5580000, 0x00000000d5800000, 0x0000000100000000)
  eden space 1536K, 0% used [0x00000000d5580000,0x00000000d5580000,0x00000000d5700000)
  from space 512K, 81% used [0x00000000d5780000,0x00000000d57e8000,0x00000000d5800000)
  to   space 512K, 0% used [0x00000000d5700000,0x00000000d5700000,0x00000000d5780000)
 ParOldGen       total 394240K, used 394127K [0x0000000080000000, 0x0000000098100000, 0x00000000d5580000)
  object space 394240K, 99% used [0x0000000080000000,0x00000000980e3fe8,0x0000000098100000)
 Metaspace       used 53843K, committed 55104K, reserved 1114112K
  class space    used 5853K, committed 6400K, reserved 1048576K
}
Event: 89.778 GC heap before
{Heap before GC invocations=291 (full 2):
 PSYoungGen      total 2048K, used 1952K [0x00000000d5580000, 0x00000000d5800000, 0x0000000100000000)
  eden space 1536K, 100% used [0x00000000d5580000,0x00000000d5700000,0x00000000d5700000)
  from space 512K, 81% used [0x00000000d5780000,0x00000000d57e8000,0x00000000d5800000)
  to   space 512K, 0% used [0x00000000d5700000,0x00000000d5700000,0x00000000d5780000)
 ParOldGen       total 394240K, used 394127K [0x0000000080000000, 0x0000000098100000, 0x00000000d5580000)
  object space 394240K, 99% used [0x0000000080000000,0x00000000980e3fe8,0x0000000098100000)
 Metaspace       used 53843K, committed 55104K, reserved 1114112K
  class space    used 5853K, committed 6400K, reserved 1048576K
}
Event: 89.780 GC heap after
{Heap after GC invocations=291 (full 2):
 PSYoungGen      total 2048K, used 512K [0x00000000d5580000, 0x00000000d5a00000, 0x0000000100000000)
  eden space 1536K, 0% used [0x00000000d5580000,0x00000000d5580000,0x00000000d5700000)
  from space 512K, 100% used [0x00000000d5700000,0x00000000d5780000,0x00000000d5780000)
  to   space 1536K, 0% used [0x00000000d5880000,0x00000000d5880000,0x00000000d5a00000)
 ParOldGen       total 395264K, used 394879K [0x0000000080000000, 0x0000000098200000, 0x00000000d5580000)
  object space 395264K, 99% used [0x0000000080000000,0x000000009819ffe8,0x0000000098200000)
 Metaspace       used 53843K, committed 55104K, reserved 1114112K
  class space    used 5853K, committed 6400K, reserved 1048576K
}
Event: 89.917 GC heap before
{Heap before GC invocations=292 (full 2):
 PSYoungGen      total 2048K, used 2047K [0x00000000d5580000, 0x00000000d5a00000, 0x0000000100000000)
  eden space 1536K, 99% used [0x00000000d5580000,0x00000000d56ffdc0,0x00000000d5700000)
  from space 512K, 100% used [0x00000000d5700000,0x00000000d5780000,0x00000000d5780000)
  to   space 1536K, 0% used [0x00000000d5880000,0x00000000d5880000,0x00000000d5a00000)
 ParOldGen       total 395264K, used 394879K [0x0000000080000000, 0x0000000098200000, 0x00000000d5580000)
  object space 395264K, 99% used [0x0000000080000000,0x000000009819ffe8,0x0000000098200000)
 Metaspace       used 53843K, committed 55104K, reserved 1114112K
  class space    used 5853K, committed 6400K, reserved 1048576K
}
Event: 90.921 GC heap after
{Heap after GC invocations=292 (full 2):
 PSYoungGen      total 3072K, used 1088K [0x00000000d5580000, 0x00000000d5a80000, 0x0000000100000000)
  eden space 1536K, 0% used [0x00000000d5580000,0x00000000d5580000,0x00000000d5700000)
  from space 1536K, 70% used [0x00000000d5880000,0x00000000d5990000,0x00000000d5a00000)
  to   space 1536K, 0% used [0x00000000d5700000,0x00000000d5700000,0x00000000d5880000)
 ParOldGen       total 395776K, used 395431K [0x0000000080000000, 0x0000000098280000, 0x00000000d5580000)
  object space 395776K, 99% used [0x0000000080000000,0x0000000098229fe8,0x0000000098280000)
 Metaspace       used 53843K, committed 55104K, reserved 1114112K
  class space    used 5853K, committed 6400K, reserved 1048576K
}
Event: 91.123 GC heap before
{Heap before GC invocations=293 (full 2):
 PSYoungGen      total 3072K, used 2624K [0x00000000d5580000, 0x00000000d5a80000, 0x0000000100000000)
  eden space 1536K, 100% used [0x00000000d5580000,0x00000000d5700000,0x00000000d5700000)
  from space 1536K, 70% used [0x00000000d5880000,0x00000000d5990000,0x00000000d5a00000)
  to   space 1536K, 0% used [0x00000000d5700000,0x00000000d5700000,0x00000000d5880000)
 ParOldGen       total 395776K, used 395431K [0x0000000080000000, 0x0000000098280000, 0x00000000d5580000)
  object space 395776K, 99% used [0x0000000080000000,0x0000000098229fe8,0x0000000098280000)
 Metaspace       used 53843K, committed 55104K, reserved 1114112K
  class space    used 5853K, committed 6400K, reserved 1048576K
}
Event: 91.126 GC heap after
{Heap after GC invocations=293 (full 2):
 PSYoungGen      total 3072K, used 1344K [0x00000000d5580000, 0x00000000d5a80000, 0x0000000100000000)
  eden space 1536K, 0% used [0x00000000d5580000,0x00000000d5580000,0x00000000d5700000)
  from space 1536K, 87% used [0x00000000d5700000,0x00000000d5850000,0x00000000d5880000)
  to   space 1536K, 0% used [0x00000000d5900000,0x00000000d5900000,0x00000000d5a80000)
 ParOldGen       total 396800K, used 396407K [0x0000000080000000, 0x0000000098380000, 0x00000000d5580000)
  object space 396800K, 99% used [0x0000000080000000,0x000000009831dfe8,0x0000000098380000)
 Metaspace       used 53843K, committed 55104K, reserved 1114112K
  class space    used 5853K, committed 6400K, reserved 1048576K
}
Event: 92.121 GC heap before
{Heap before GC invocations=294 (full 2):
 PSYoungGen      total 3072K, used 2880K [0x00000000d5580000, 0x00000000d5a80000, 0x0000000100000000)
  eden space 1536K, 100% used [0x00000000d5580000,0x00000000d5700000,0x00000000d5700000)
  from space 1536K, 87% used [0x00000000d5700000,0x00000000d5850000,0x00000000d5880000)
  to   space 1536K, 0% used [0x00000000d5900000,0x00000000d5900000,0x00000000d5a80000)
 ParOldGen       total 396800K, used 396407K [0x0000000080000000, 0x0000000098380000, 0x00000000d5580000)
  object space 396800K, 99% used [0x0000000080000000,0x000000009831dfe8,0x0000000098380000)
 Metaspace       used 53843K, committed 55104K, reserved 1114112K
  class space    used 5853K, committed 6400K, reserved 1048576K
}
Event: 92.126 GC heap after
{Heap after GC invocations=294 (full 2):
 PSYoungGen      total 3072K, used 1408K [0x00000000d5580000, 0x00000000d5a80000, 0x0000000100000000)
  eden space 1536K, 0% used [0x00000000d5580000,0x00000000d5580000,0x00000000d5700000)
  from space 1536K, 91% used [0x00000000d5900000,0x00000000d5a60000,0x00000000d5a80000)
  to   space 1536K, 0% used [0x00000000d5700000,0x00000000d5700000,0x00000000d5880000)
 ParOldGen       total 397824K, used 397655K [0x0000000080000000, 0x0000000098480000, 0x00000000d5580000)
  object space 397824K, 99% used [0x0000000080000000,0x0000000098455fe8,0x0000000098480000)
 Metaspace       used 53843K, committed 55104K, reserved 1114112K
  class space    used 5853K, committed 6400K, reserved 1048576K
}
Event: 92.269 GC heap before
{Heap before GC invocations=295 (full 2):
 PSYoungGen      total 3072K, used 2944K [0x00000000d5580000, 0x00000000d5a80000, 0x0000000100000000)
  eden space 1536K, 100% used [0x00000000d5580000,0x00000000d5700000,0x00000000d5700000)
  from space 1536K, 91% used [0x00000000d5900000,0x00000000d5a60000,0x00000000d5a80000)
  to   space 1536K, 0% used [0x00000000d5700000,0x00000000d5700000,0x00000000d5880000)
 ParOldGen       total 397824K, used 397655K [0x0000000080000000, 0x0000000098480000, 0x00000000d5580000)
  object space 397824K, 99% used [0x0000000080000000,0x0000000098455fe8,0x0000000098480000)
 Metaspace       used 53863K, committed 55168K, reserved 1114112K
  class space    used 5855K, committed 6400K, reserved 1048576K
}
Event: 93.285 GC heap after
{Heap after GC invocations=295 (full 2):
 PSYoungGen      total 3072K, used 960K [0x00000000d5580000, 0x00000000d5a80000, 0x0000000100000000)
  eden space 1536K, 0% used [0x00000000d5580000,0x00000000d5580000,0x00000000d5700000)
  from space 1536K, 62% used [0x00000000d5700000,0x00000000d57f0000,0x00000000d5880000)
  to   space 1536K, 0% used [0x00000000d5900000,0x00000000d5900000,0x00000000d5a80000)
 ParOldGen       total 399360K, used 398919K [0x0000000080000000, 0x0000000098600000, 0x00000000d5580000)
  object space 399360K, 99% used [0x0000000080000000,0x0000000098591fe8,0x0000000098600000)
 Metaspace       used 53863K, committed 55168K, reserved 1114112K
  class space    used 5855K, committed 6400K, reserved 1048576K
}
Event: 93.396 GC heap before
{Heap before GC invocations=296 (full 2):
 PSYoungGen      total 3072K, used 2496K [0x00000000d5580000, 0x00000000d5a80000, 0x0000000100000000)
  eden space 1536K, 100% used [0x00000000d5580000,0x00000000d5700000,0x00000000d5700000)
  from space 1536K, 62% used [0x00000000d5700000,0x00000000d57f0000,0x00000000d5880000)
  to   space 1536K, 0% used [0x00000000d5900000,0x00000000d5900000,0x00000000d5a80000)
 ParOldGen       total 399360K, used 398919K [0x0000000080000000, 0x0000000098600000, 0x00000000d5580000)
  object space 399360K, 99% used [0x0000000080000000,0x0000000098591fe8,0x0000000098600000)
 Metaspace       used 53873K, committed 55168K, reserved 1114112K
  class space    used 5856K, committed 6400K, reserved 1048576K
}
Event: 93.399 GC heap after
{Heap after GC invocations=296 (full 2):
 PSYoungGen      total 2560K, used 320K [0x00000000d5580000, 0x00000000d5980000, 0x0000000100000000)
  eden space 2048K, 0% used [0x00000000d5580000,0x00000000d5580000,0x00000000d5780000)
  from space 512K, 62% used [0x00000000d5900000,0x00000000d5950000,0x00000000d5980000)
  to   space 1024K, 0% used [0x00000000d5780000,0x00000000d5780000,0x00000000d5880000)
 ParOldGen       total 399872K, used 399815K [0x0000000080000000, 0x0000000098680000, 0x00000000d5580000)
  object space 399872K, 99% used [0x0000000080000000,0x0000000098671fe8,0x0000000098680000)
 Metaspace       used 53873K, committed 55168K, reserved 1114112K
  class space    used 5856K, committed 6400K, reserved 1048576K
}
Event: 93.409 GC heap before
{Heap before GC invocations=297 (full 2):
 PSYoungGen      total 2560K, used 2368K [0x00000000d5580000, 0x00000000d5980000, 0x0000000100000000)
  eden space 2048K, 100% used [0x00000000d5580000,0x00000000d5780000,0x00000000d5780000)
  from space 512K, 62% used [0x00000000d5900000,0x00000000d5950000,0x00000000d5980000)
  to   space 1024K, 0% used [0x00000000d5780000,0x00000000d5780000,0x00000000d5880000)
 ParOldGen       total 399872K, used 399815K [0x0000000080000000, 0x0000000098680000, 0x00000000d5580000)
  object space 399872K, 99% used [0x0000000080000000,0x0000000098671fe8,0x0000000098680000)
 Metaspace       used 53874K, committed 55168K, reserved 1114112K
  class space    used 5856K, committed 6400K, reserved 1048576K
}
Event: 93.411 GC heap after
{Heap after GC invocations=297 (full 2):
 PSYoungGen      total 3072K, used 384K [0x00000000d5580000, 0x00000000d5980000, 0x0000000100000000)
  eden space 2048K, 0% used [0x00000000d5580000,0x00000000d5580000,0x00000000d5780000)
  from space 1024K, 37% used [0x00000000d5780000,0x00000000d57e0000,0x00000000d5880000)
  to   space 512K, 0% used [0x00000000d5900000,0x00000000d5900000,0x00000000d5980000)
 ParOldGen       total 400384K, used 400062K [0x0000000080000000, 0x0000000098700000, 0x00000000d5580000)
  object space 400384K, 99% used [0x0000000080000000,0x00000000986afb90,0x0000000098700000)
 Metaspace       used 53874K, committed 55168K, reserved 1114112K
  class space    used 5856K, committed 6400K, reserved 1048576K
}
Event: 93.423 GC heap before
{Heap before GC invocations=298 (full 2):
 PSYoungGen      total 3072K, used 2432K [0x00000000d5580000, 0x00000000d5980000, 0x0000000100000000)
  eden space 2048K, 100% used [0x00000000d5580000,0x00000000d5780000,0x00000000d5780000)
  from space 1024K, 37% used [0x00000000d5780000,0x00000000d57e0000,0x00000000d5880000)
  to   space 512K, 0% used [0x00000000d5900000,0x00000000d5900000,0x00000000d5980000)
 ParOldGen       total 400384K, used 400062K [0x0000000080000000, 0x0000000098700000, 0x00000000d5580000)
  object space 400384K, 99% used [0x0000000080000000,0x00000000986afb90,0x0000000098700000)
 Metaspace       used 53874K, committed 55168K, reserved 1114112K
  class space    used 5856K, committed 6400K, reserved 1048576K
}
Event: 93.425 GC heap after
{Heap after GC invocations=298 (full 2):
 PSYoungGen      total 3072K, used 352K [0x00000000d5580000, 0x00000000d5980000, 0x0000000100000000)
  eden space 2560K, 0% used [0x00000000d5580000,0x00000000d5580000,0x00000000d5800000)
  from space 512K, 68% used [0x00000000d5900000,0x00000000d5958000,0x00000000d5980000)
  to   space 512K, 0% used [0x00000000d5880000,0x00000000d5880000,0x00000000d5900000)
 ParOldGen       total 400384K, used 400310K [0x0000000080000000, 0x0000000098700000, 0x00000000d5580000)
  object space 400384K, 99% used [0x0000000080000000,0x00000000986edb90,0x0000000098700000)
 Metaspace       used 53874K, committed 55168K, reserved 1114112K
  class space    used 5856K, committed 6400K, reserved 1048576K
}
Event: 95.483 GC heap before
{Heap before GC invocations=299 (full 2):
 PSYoungGen      total 3072K, used 2912K [0x00000000d5580000, 0x00000000d5980000, 0x0000000100000000)
  eden space 2560K, 100% used [0x00000000d5580000,0x00000000d5800000,0x00000000d5800000)
  from space 512K, 68% used [0x00000000d5900000,0x00000000d5958000,0x00000000d5980000)
  to   space 512K, 0% used [0x00000000d5880000,0x00000000d5880000,0x00000000d5900000)
 ParOldGen       total 400384K, used 400310K [0x0000000080000000, 0x0000000098700000, 0x00000000d5580000)
  object space 400384K, 99% used [0x0000000080000000,0x00000000986edb90,0x0000000098700000)
 Metaspace       used 53874K, committed 55168K, reserved 1114112K
  class space    used 5856K, committed 6400K, reserved 1048576K
}
Event: 95.487 GC heap after
{Heap after GC invocations=299 (full 2):
 PSYoungGen      total 3072K, used 384K [0x00000000d5580000, 0x00000000d5980000, 0x0000000100000000)
  eden space 2560K, 0% used [0x00000000d5580000,0x00000000d5580000,0x00000000d5800000)
  from space 512K, 75% used [0x00000000d5880000,0x00000000d58e0000,0x00000000d5900000)
  to   space 512K, 0% used [0x00000000d5900000,0x00000000d5900000,0x00000000d5980000)
 ParOldGen       total 400896K, used 400569K [0x0000000080000000, 0x0000000098780000, 0x00000000d5580000)
  object space 400896K, 99% used [0x0000000080000000,0x000000009872e798,0x0000000098780000)
 Metaspace       used 53874K, committed 55168K, reserved 1114112K
  class space    used 5856K, committed 6400K, reserved 1048576K
}

